(Re)creating table oclc
(Re)creating table issn
(Re)creating table isbn
(Re)creating table lccn
(Re)creating table bib_format_codes
(Re)creating table bookkeeping
(Re)creating table id
2017-11-21T10:30:22-05:00 [ INFO] 42867 : Full file is hathi_full_20171101.txt.gz
2017-11-21T10:30:22-05:00 [ INFO] 42867 : Update files
  hathi_upd_20171101.txt.gz
  hathi_upd_20171102.txt.gz
  hathi_upd_20171103.txt.gz
  hathi_upd_20171104.txt.gz
  hathi_upd_20171105.txt.gz
  hathi_upd_20171106.txt.gz
  hathi_upd_20171107.txt.gz
  hathi_upd_20171108.txt.gz
  hathi_upd_20171109.txt.gz
  hathi_upd_20171110.txt.gz
  hathi_upd_20171111.txt.gz
  hathi_upd_20171112.txt.gz
  hathi_upd_20171113.txt.gz
  hathi_upd_20171114.txt.gz
  hathi_upd_20171115.txt.gz
  hathi_upd_20171116.txt.gz
  hathi_upd_20171117.txt.gz
  hathi_upd_20171118.txt.gz
  hathi_upd_20171119.txt.gz
  hathi_upd_20171120.txt.gz
2017-11-21T10:30:22-05:00 [ INFO] 42867 : Fetching hathi_full_20171101.txt.gz
2017-11-21T10:30:22-05:00 [ WARN] 42867 : Need to start with full file. Gonna take a bit
2017-11-21T10:30:22-05:00 [ WARN] 42867 : Dumping full file to tab-delimited files for bulk import
2017-11-21T10:30:22-05:00 [ INFO] 42867 : Getting file https://www.hathitrust.org/filebrowser/download/241313
2017-11-21T10:31:38-05:00 [ INFO] 42867 : Starting to dump hathi_full_20171101.txt.gz to tab-delimited files
2017-11-21T10:31:47-05:00 [ INFO] 42867 :      250_000 items written to tsv files
2017-11-21T10:31:56-05:00 [ INFO] 42867 :      500_000 items written to tsv files
2017-11-21T10:32:08-05:00 [ INFO] 42867 :      750_000 items written to tsv files
2017-11-21T10:32:18-05:00 [ INFO] 42867 :    1_000_000 items written to tsv files
2017-11-21T10:32:27-05:00 [ INFO] 42867 :    1_250_000 items written to tsv files
2017-11-21T10:32:35-05:00 [ INFO] 42867 :    1_500_000 items written to tsv files
2017-11-21T10:32:43-05:00 [ INFO] 42867 :    1_750_000 items written to tsv files
2017-11-21T10:32:51-05:00 [ INFO] 42867 :    2_000_000 items written to tsv files
2017-11-21T10:33:01-05:00 [ INFO] 42867 :    2_250_000 items written to tsv files
2017-11-21T10:33:09-05:00 [ INFO] 42867 :    2_500_000 items written to tsv files
2017-11-21T10:33:20-05:00 [ INFO] 42867 :    2_750_000 items written to tsv files
2017-11-21T10:33:31-05:00 [ INFO] 42867 :    3_000_000 items written to tsv files
2017-11-21T10:33:39-05:00 [ INFO] 42867 :    3_250_000 items written to tsv files
2017-11-21T10:33:49-05:00 [ INFO] 42867 :    3_500_000 items written to tsv files
2017-11-21T10:33:58-05:00 [ INFO] 42867 :    3_750_000 items written to tsv files
2017-11-21T10:34:07-05:00 [ INFO] 42867 :    4_000_000 items written to tsv files
2017-11-21T10:34:15-05:00 [ INFO] 42867 :    4_250_000 items written to tsv files
2017-11-21T10:34:23-05:00 [ INFO] 42867 :    4_500_000 items written to tsv files
2017-11-21T10:34:31-05:00 [ INFO] 42867 :    4_750_000 items written to tsv files
2017-11-21T10:34:40-05:00 [ INFO] 42867 :    5_000_000 items written to tsv files
2017-11-21T10:34:49-05:00 [ INFO] 42867 :    5_250_000 items written to tsv files
2017-11-21T10:35:01-05:00 [ INFO] 42867 :    5_500_000 items written to tsv files
2017-11-21T10:35:13-05:00 [ INFO] 42867 :    5_750_000 items written to tsv files
2017-11-21T10:35:25-05:00 [ INFO] 42867 :    6_000_000 items written to tsv files
2017-11-21T10:35:35-05:00 [ INFO] 42867 :    6_250_000 items written to tsv files
2017-11-21T10:35:49-05:00 [ INFO] 42867 :    6_500_000 items written to tsv files
2017-11-21T10:36:03-05:00 [ INFO] 42867 :    6_750_000 items written to tsv files
2017-11-21T10:36:16-05:00 [ INFO] 42867 :    7_000_000 items written to tsv files
2017-11-21T10:36:26-05:00 [ INFO] 42867 :    7_250_000 items written to tsv files
2017-11-21T10:36:35-05:00 [ INFO] 42867 :    7_500_000 items written to tsv files
2017-11-21T10:36:44-05:00 [ INFO] 42867 :    7_750_000 items written to tsv files
2017-11-21T10:36:53-05:00 [ INFO] 42867 :    8_000_000 items written to tsv files
2017-11-21T10:37:01-05:00 [ INFO] 42867 :    8_250_000 items written to tsv files
2017-11-21T10:37:12-05:00 [ INFO] 42867 :    8_500_000 items written to tsv files
2017-11-21T10:37:23-05:00 [ INFO] 42867 :    8_750_000 items written to tsv files
2017-11-21T10:37:31-05:00 [ INFO] 42867 :    9_000_000 items written to tsv files
2017-11-21T10:37:41-05:00 [ INFO] 42867 :    9_250_000 items written to tsv files
2017-11-21T10:37:49-05:00 [ INFO] 42867 :    9_500_000 items written to tsv files
2017-11-21T10:37:59-05:00 [ INFO] 42867 :    9_750_000 items written to tsv files
2017-11-21T10:38:09-05:00 [ INFO] 42867 :   10_000_000 items written to tsv files
2017-11-21T10:38:17-05:00 [ INFO] 42867 :   10_250_000 items written to tsv files
2017-11-21T10:38:25-05:00 [ INFO] 42867 :   10_500_000 items written to tsv files
2017-11-21T10:38:34-05:00 [ INFO] 42867 :   10_750_000 items written to tsv files
2017-11-21T10:38:42-05:00 [ INFO] 42867 :   11_000_000 items written to tsv files
2017-11-21T10:38:49-05:00 [ INFO] 42867 :   11_250_000 items written to tsv files
2017-11-21T10:38:58-05:00 [ INFO] 42867 :   11_500_000 items written to tsv files
2017-11-21T10:39:07-05:00 [ INFO] 42867 :   11_750_000 items written to tsv files
2017-11-21T10:39:15-05:00 [ INFO] 42867 :   12_000_000 items written to tsv files
2017-11-21T10:39:22-05:00 [ INFO] 42867 :   12_250_000 items written to tsv files
2017-11-21T10:39:30-05:00 [ INFO] 42867 :   12_500_000 items written to tsv files
2017-11-21T10:39:38-05:00 [ INFO] 42867 :   12_750_000 items written to tsv files
2017-11-21T10:39:46-05:00 [ INFO] 42867 :   13_000_000 items written to tsv files
2017-11-21T10:39:54-05:00 [ INFO] 42867 :   13_250_000 items written to tsv files
2017-11-21T10:40:02-05:00 [ INFO] 42867 :   13_500_000 items written to tsv files
2017-11-21T10:40:08-05:00 [ INFO] 42867 :   13_750_000 items written to tsv files
2017-11-21T10:40:17-05:00 [ INFO] 42867 :   14_000_000 items written to tsv files
2017-11-21T10:40:25-05:00 [ INFO] 42867 :   14_250_000 items written to tsv files
2017-11-21T10:40:31-05:00 [ INFO] 42867 :   14_500_000 items written to tsv files
2017-11-21T10:40:38-05:00 [ INFO] 42867 :   14_750_000 items written to tsv files
2017-11-21T10:40:46-05:00 [ INFO] 42867 :   15_000_000 items written to tsv files
2017-11-21T10:40:55-05:00 [ INFO] 42867 :   15_250_000 items written to tsv files
2017-11-21T10:41:03-05:00 [ INFO] 42867 :   15_500_000 items written to tsv files
2017-11-21T10:41:13-05:00 [ INFO] 42867 :   15_750_000 items written to tsv files
2017-11-21T10:41:19-05:00 [ INFO] 42867 : 
Beginning import of id
2017-11-21T10:44:44-05:00 [ INFO] 42867 : 
Beginning import of oclc
2017-11-21T10:45:12-05:00 [ INFO] 42867 : 
Beginning import of isbn
2017-11-21T10:45:20-05:00 [ INFO] 42867 : 
Beginning import of issn
2017-11-21T10:45:25-05:00 [ INFO] 42867 : 
Beginning import of lccn
2017-11-21T10:45:40-05:00 [ INFO] 42867 : Adding indexes to id
2017-11-21T10:50:39-05:00 [ INFO] 42867 : Adding indexes to oclc
2017-11-21T10:51:48-05:00 [ INFO] 42867 : Adding indexes to isbn
2017-11-21T10:51:58-05:00 [ INFO] 42867 : Adding indexes to issn
2017-11-21T10:52:03-05:00 [ INFO] 42867 : Adding indexes to lccn
2017-11-21T10:52:23-05:00 [ INFO] 42867 : Fetching hathi_upd_20171101.txt.gz
2017-11-21T10:52:23-05:00 [ INFO] 42867 : Updating from hathi_upd_20171101.txt.gz
2017-11-21T10:52:23-05:00 [ INFO] 42867 : Getting file https://www.hathitrust.org/filebrowser/download/241413
2017-11-21T11:00:32-05:00 [ INFO] 42867 :    5000 items
2017-11-21T11:07:12-05:00 [ INFO] 42867 :    10000 items
2017-11-21T11:08:50-05:00 [ INFO] 42867 : Fetching hathi_upd_20171102.txt.gz
2017-11-21T11:08:50-05:00 [ INFO] 42867 : Updating from hathi_upd_20171102.txt.gz
2017-11-21T11:08:50-05:00 [ INFO] 42867 : Getting file https://www.hathitrust.org/filebrowser/download/241649
2017-11-21T11:14:54-05:00 [ INFO] 42867 :    5000 items
2017-11-21T11:20:07-05:00 [ INFO] 42867 :    10000 items
2017-11-21T11:21:39-05:00 [ INFO] 42867 : Fetching hathi_upd_20171103.txt.gz
2017-11-21T11:21:39-05:00 [ INFO] 42867 : Updating from hathi_upd_20171103.txt.gz
2017-11-21T11:21:39-05:00 [ INFO] 42867 : Getting file https://www.hathitrust.org/filebrowser/download/241670
2017-11-21T11:27:54-05:00 [ INFO] 42867 :    5000 items
2017-11-21T11:30:42-05:00 [ INFO] 42867 :    10000 items
2017-11-21T11:30:42-05:00 [ INFO] 42867 : Fetching hathi_upd_20171104.txt.gz
2017-11-21T11:30:42-05:00 [ INFO] 42867 : Updating from hathi_upd_20171104.txt.gz
2017-11-21T11:30:42-05:00 [ INFO] 42867 : Getting file https://www.hathitrust.org/filebrowser/download/241731
2017-11-21T11:43:51-05:00 [ INFO] 42867 :    5000 items
2017-11-21T11:48:05-05:00 [ INFO] 42867 :    10000 items
2017-11-21T11:48:47-05:00 [ INFO] 42867 : Fetching hathi_upd_20171105.txt.gz
2017-11-21T11:48:47-05:00 [ INFO] 42867 : Updating from hathi_upd_20171105.txt.gz
2017-11-21T11:48:47-05:00 [ INFO] 42867 : Getting file https://www.hathitrust.org/filebrowser/download/241824
2017-11-21T11:56:41-05:00 [ INFO] 42867 :    5000 items
2017-11-21T11:57:17-05:00 [ INFO] 42867 : Fetching hathi_upd_20171106.txt.gz
2017-11-21T11:57:17-05:00 [ INFO] 42867 : Updating from hathi_upd_20171106.txt.gz
2017-11-21T11:57:17-05:00 [ INFO] 42867 : Getting file https://www.hathitrust.org/filebrowser/download/241828
2017-11-21T12:02:12-05:00 [ INFO] 42867 :    5000 items
2017-11-21T12:05:17-05:00 [ INFO] 42867 :    10000 items
2017-11-21T12:05:17-05:00 [ INFO] 42867 : Fetching hathi_upd_20171107.txt.gz
2017-11-21T12:05:17-05:00 [ INFO] 42867 : Updating from hathi_upd_20171107.txt.gz
2017-11-21T12:05:17-05:00 [ INFO] 42867 : Getting file https://www.hathitrust.org/filebrowser/download/241849
2017-11-21T12:10:30-05:00 [ INFO] 42867 :    5000 items
2017-11-21T12:14:37-05:00 [ INFO] 42867 :    10000 items
2017-11-21T12:14:37-05:00 [ INFO] 42867 : Fetching hathi_upd_20171108.txt.gz
2017-11-21T12:14:37-05:00 [ INFO] 42867 : Updating from hathi_upd_20171108.txt.gz
2017-11-21T12:14:37-05:00 [ INFO] 42867 : Getting file https://www.hathitrust.org/filebrowser/download/241890
2017-11-21T12:18:57-05:00 [ INFO] 42867 :    5000 items
2017-11-21T12:22:23-05:00 [ INFO] 42867 :    10000 items
2017-11-21T12:23:08-05:00 [ INFO] 42867 : Fetching hathi_upd_20171109.txt.gz
2017-11-21T12:23:08-05:00 [ INFO] 42867 : Updating from hathi_upd_20171109.txt.gz
2017-11-21T12:23:08-05:00 [ INFO] 42867 : Getting file https://www.hathitrust.org/filebrowser/download/242030
2017-11-21T12:27:00-05:00 [ INFO] 42867 :    5000 items
2017-11-21T12:29:57-05:00 [ INFO] 42867 :    10000 items
2017-11-21T12:30:53-05:00 [ INFO] 42867 : Fetching hathi_upd_20171110.txt.gz
2017-11-21T12:30:53-05:00 [ INFO] 42867 : Updating from hathi_upd_20171110.txt.gz
2017-11-21T12:30:53-05:00 [ INFO] 42867 : Getting file https://www.hathitrust.org/filebrowser/download/242072
2017-11-21T12:34:57-05:00 [ INFO] 42867 :    5000 items
2017-11-21T12:37:42-05:00 [ INFO] 42867 :    10000 items
2017-11-21T12:38:20-05:00 [ INFO] 42867 : Fetching hathi_upd_20171111.txt.gz
2017-11-21T12:38:20-05:00 [ INFO] 42867 : Updating from hathi_upd_20171111.txt.gz
2017-11-21T12:38:20-05:00 [ INFO] 42867 : Getting file https://www.hathitrust.org/filebrowser/download/242173
2017-11-21T12:41:57-05:00 [ INFO] 42867 :    5000 items
2017-11-21T12:45:52-05:00 [ INFO] 42867 :    10000 items
2017-11-21T12:46:48-05:00 [ INFO] 42867 : Fetching hathi_upd_20171112.txt.gz
2017-11-21T12:46:48-05:00 [ INFO] 42867 : Updating from hathi_upd_20171112.txt.gz
2017-11-21T12:46:48-05:00 [ INFO] 42867 : Getting file https://www.hathitrust.org/filebrowser/download/242629
2017-11-21T12:48:50-05:00 [ INFO] 42867 :    5000 items
2017-11-21T12:50:54-05:00 [ INFO] 42867 :    10000 items
2017-11-21T12:50:57-05:00 [ INFO] 42867 : Fetching hathi_upd_20171113.txt.gz
2017-11-21T12:50:57-05:00 [ INFO] 42867 : Updating from hathi_upd_20171113.txt.gz
2017-11-21T12:50:57-05:00 [ INFO] 42867 : Getting file https://www.hathitrust.org/filebrowser/download/242671
2017-11-21T12:55:07-05:00 [ INFO] 42867 :    5000 items
2017-11-21T12:56:39-05:00 [ INFO] 42867 : Fetching hathi_upd_20171114.txt.gz
2017-11-21T12:56:39-05:00 [ INFO] 42867 : Updating from hathi_upd_20171114.txt.gz
2017-11-21T12:56:39-05:00 [ INFO] 42867 : Getting file https://www.hathitrust.org/filebrowser/download/242771
2017-11-21T13:00:03-05:00 [ INFO] 42867 :    5000 items
2017-11-21T13:02:08-05:00 [ INFO] 42867 :    10000 items
2017-11-21T13:02:08-05:00 [ INFO] 42867 : Fetching hathi_upd_20171115.txt.gz
2017-11-21T13:02:08-05:00 [ INFO] 42867 : Updating from hathi_upd_20171115.txt.gz
2017-11-21T13:02:08-05:00 [ INFO] 42867 : Getting file https://www.hathitrust.org/filebrowser/download/242792
2017-11-21T13:05:12-05:00 [ INFO] 42867 :    5000 items
2017-11-21T13:07:31-05:00 [ INFO] 42867 :    10000 items
2017-11-21T13:09:57-05:00 [ INFO] 42867 :    15000 items
2017-11-21T13:11:11-05:00 [ INFO] 42867 :    20000 items
2017-11-21T13:11:40-05:00 [ INFO] 42867 : Fetching hathi_upd_20171116.txt.gz
2017-11-21T13:11:40-05:00 [ INFO] 42867 : Updating from hathi_upd_20171116.txt.gz
2017-11-21T13:11:40-05:00 [ INFO] 42867 : Getting file https://www.hathitrust.org/filebrowser/download/242834
2017-11-21T13:12:47-05:00 [ INFO] 42867 :    5000 items
2017-11-21T13:13:27-05:00 [ INFO] 42867 :    10000 items
2017-11-21T13:16:29-05:00 [ INFO] 42867 :    15000 items
2017-11-21T13:20:41-05:00 [ INFO] 42867 :    20000 items
2017-11-21T13:26:05-05:00 [ INFO] 42867 :    25000 items
2017-11-21T13:27:00-05:00 [ INFO] 42867 : Fetching hathi_upd_20171117.txt.gz
2017-11-21T13:27:00-05:00 [ INFO] 42867 : Updating from hathi_upd_20171117.txt.gz
2017-11-21T13:27:00-05:00 [ INFO] 42867 : Getting file https://www.hathitrust.org/filebrowser/download/242934
2017-11-21T13:28:12-05:00 [ INFO] 42867 : Fetching hathi_upd_20171118.txt.gz
2017-11-21T13:28:12-05:00 [ INFO] 42867 : Updating from hathi_upd_20171118.txt.gz
2017-11-21T13:28:12-05:00 [ INFO] 42867 : Getting file https://www.hathitrust.org/filebrowser/download/242956
2017-11-21T13:32:55-05:00 [ INFO] 42867 :    5000 items
2017-11-21T13:40:38-05:00 [ INFO] 42867 :    10000 items
2017-11-21T13:42:06-05:00 [ INFO] 42867 :    15000 items
2017-11-21T13:44:54-05:00 [ INFO] 42867 :    20000 items
2017-11-21T13:48:43-05:00 [ INFO] 42867 :    25000 items
2017-11-21T13:50:37-05:00 [ INFO] 42867 : Fetching hathi_upd_20171119.txt.gz
2017-11-21T13:50:37-05:00 [ INFO] 42867 : Updating from hathi_upd_20171119.txt.gz
2017-11-21T13:50:37-05:00 [ INFO] 42867 : Getting file https://www.hathitrust.org/filebrowser/download/243008
2017-11-21T13:58:49-05:00 [ INFO] 42867 :    5000 items
2017-11-21T14:02:42-05:00 [ INFO] 42867 : Fetching hathi_upd_20171120.txt.gz
2017-11-21T14:02:42-05:00 [ INFO] 42867 : Updating from hathi_upd_20171120.txt.gz
2017-11-21T14:02:42-05:00 [ INFO] 42867 : Getting file https://www.hathitrust.org/filebrowser/download/243032
2017-11-21T14:10:47-05:00 [ INFO] 42867 :    5000 items
2017-11-21T14:14:11-05:00 [ INFO] 42867 :    10000 items
2017-11-21T14:14:55-05:00 [ INFO] 42867 :    15000 items
2017-11-21T14:15:20-05:00 [ INFO] 42867 : Setting last_updated date to 20171120
2017-11-21T14:15:20-05:00 [ INFO] 42867 : Done
